<?xml version="1.0" encoding="UTF-8"?>
<testsuite xmlns:xsi="http://www.w3.org/2001/XMLSchema-instance" xsi:noNamespaceSchemaLocation="https://maven.apache.org/surefire/maven-surefire-plugin/xsd/surefire-test-report-3.0.xsd" version="3.0" name="edu.miu.cs.cs489.util.SimpleArithmeticOpsUtilTest" time="0.072" tests="2" errors="0" skipped="0" failures="0">
  <properties>
    <property name="java.specification.version" value="20"/>
    <property name="sun.cpu.isalist" value="amd64"/>
    <property name="sun.jnu.encoding" value="Cp1252"/>
    <property name="java.class.path" value="C:\oak\mymiu\teaching\courses\cs489-applied-software-dev\2023\202310\workspaces\workspace-intellij\cs489-apsd-202310\simple-arithmetic-util-junit-demo\target\test-classes;C:\oak\mymiu\teaching\courses\cs489-applied-software-dev\2023\202310\workspaces\workspace-intellij\cs489-apsd-202310\simple-arithmetic-util-junit-demo\target\classes;C:\Users\obina\.m2\repository\junit\junit\4.13.2\junit-4.13.2.jar;C:\Users\obina\.m2\repository\org\hamcrest\hamcrest-core\1.3\hamcrest-core-1.3.jar;"/>
    <property name="java.vm.vendor" value="Oracle Corporation"/>
    <property name="sun.arch.data.model" value="64"/>
    <property name="user.variant" value=""/>
    <property name="java.vendor.url" value="https://java.oracle.com/"/>
    <property name="user.timezone" value="America/Chicago"/>
    <property name="os.name" value="Windows 11"/>
    <property name="java.vm.specification.version" value="20"/>
    <property name="sun.java.launcher" value="SUN_STANDARD"/>
    <property name="user.country" value="US"/>
    <property name="sun.boot.library.path" value="C:\javaplatform\oracle\se\20\jdk\bin"/>
    <property name="sun.java.command" value="C:\Users\obina\AppData\Local\Temp\surefire3619045756065943105\surefirebooter-20231021113422060_3.jar C:\Users\obina\AppData\Local\Temp\surefire3619045756065943105 2023-10-21T11-34-21_867-jvmRun1 surefire-20231021113422060_1tmp surefire_0-20231021113422060_2tmp"/>
    <property name="jdk.debug" value="release"/>
    <property name="surefire.test.class.path" value="C:\oak\mymiu\teaching\courses\cs489-applied-software-dev\2023\202310\workspaces\workspace-intellij\cs489-apsd-202310\simple-arithmetic-util-junit-demo\target\test-classes;C:\oak\mymiu\teaching\courses\cs489-applied-software-dev\2023\202310\workspaces\workspace-intellij\cs489-apsd-202310\simple-arithmetic-util-junit-demo\target\classes;C:\Users\obina\.m2\repository\junit\junit\4.13.2\junit-4.13.2.jar;C:\Users\obina\.m2\repository\org\hamcrest\hamcrest-core\1.3\hamcrest-core-1.3.jar;"/>
    <property name="sun.cpu.endian" value="little"/>
    <property name="user.home" value="C:\Users\obina"/>
    <property name="user.language" value="en"/>
    <property name="java.specification.vendor" value="Oracle Corporation"/>
    <property name="java.version.date" value="2023-03-21"/>
    <property name="java.home" value="C:\javaplatform\oracle\se\20\jdk"/>
    <property name="file.separator" value="\"/>
    <property name="basedir" value="C:\oak\mymiu\teaching\courses\cs489-applied-software-dev\2023\202310\workspaces\workspace-intellij\cs489-apsd-202310\simple-arithmetic-util-junit-demo"/>
    <property name="java.vm.compressedOopsMode" value="Zero based"/>
    <property name="line.separator" value="&#10;"/>
    <property name="java.vm.specification.vendor" value="Oracle Corporation"/>
    <property name="java.specification.name" value="Java Platform API Specification"/>
    <property name="surefire.real.class.path" value="C:\Users\obina\AppData\Local\Temp\surefire3619045756065943105\surefirebooter-20231021113422060_3.jar"/>
    <property name="user.script" value=""/>
    <property name="sun.management.compiler" value="HotSpot 64-Bit Tiered Compilers"/>
    <property name="java.runtime.version" value="20+36-2344"/>
    <property name="user.name" value="okalu"/>
    <property name="stdout.encoding" value="Cp1252"/>
    <property name="path.separator" value=";"/>
    <property name="os.version" value="10.0"/>
    <property name="java.runtime.name" value="Java(TM) SE Runtime Environment"/>
    <property name="file.encoding" value="UTF-8"/>
    <property name="java.vm.name" value="Java HotSpot(TM) 64-Bit Server VM"/>
    <property name="localRepository" value="C:\Users\obina\.m2\repository"/>
    <property name="java.vendor.url.bug" value="https://bugreport.java.com/bugreport/"/>
    <property name="java.io.tmpdir" value="C:\Users\obina\AppData\Local\Temp\"/>
    <property name="idea.version" value="2023.2.3"/>
    <property name="java.version" value="20"/>
    <property name="user.dir" value="C:\oak\mymiu\teaching\courses\cs489-applied-software-dev\2023\202310\workspaces\workspace-intellij\cs489-apsd-202310\simple-arithmetic-util-junit-demo"/>
    <property name="os.arch" value="amd64"/>
    <property name="java.vm.specification.name" value="Java Virtual Machine Specification"/>
    <property name="sun.os.patch.level" value=""/>
    <property name="native.encoding" value="Cp1252"/>
    <property name="java.library.path" value="C:\javaplatform\oracle\se\20\jdk\bin;C:\WINDOWS\Sun\Java\bin;C:\WINDOWS\system32;C:\WINDOWS;C:\javaplatform\oracle\se\17\jdk\bin;C:\javaplatform\oracle\se\20\jdk\bin;C:\javaplatform\oracle\se\19\jdk\bin;C:\javaplatform\oracle\se\11\jdk\bin;C:\javaplatform\oracle\se\8\jdk\bin;C:\javaplatform\oracle\se\7\jdk\bin;C:\Program Files\Common Files\Oracle\Java\javapath;C:\Program Files (x86)\Common Files\Oracle\Java\javapath;C:\Python39\Scripts\;C:\Python39\;C:\Windows\system32;C:\Windows;C:\Windows\System32\Wbem;C:\Windows\System32\WindowsPowerShell\v1.0\;C:\Windows\System32\OpenSSH\;C:\Program Files (x86)\NVIDIA Corporation\PhysX\Common;C:\Program Files\NVIDIA Corporation\NVIDIA NvDLISR;C:\Program Files\Microsoft VS Code\bin;C:\ProgramData\chocolatey\bin;C:\mongodb\server\5.0.5\bin;C:\mongodb\tools\mongosh\bin;C:\mongodb\tools\mongodb-database-tools\bin;C:\Program Files\Microsoft VS Code Insiders\bin;C:\spring\tools\springboot-cli\bin;C:\apache\maven\3.9.2\bin;C:\Program Files\dotnet\;C:\Users\obina\AppData\Roaming\nvm;C:\nodejs;C:\WINDOWS\system32;C:\WINDOWS;C:\WINDOWS\System32\Wbem;C:\WINDOWS\System32\WindowsPowerShell\v1.0\;C:\WINDOWS\System32\OpenSSH\;C:\golang\sdk\go1.20.1\bin;C:\Program Files\nu\bin\;C:\Program Files (x86)\Windows Kits\10\Windows Performance Toolkit\;C:\Program Files\GitHub CLI\;C:\gradle\8.2.1\bin;C:\Program Files\Git\cmd;C:\Program Files\PowerShell\7\;C:\Program Files\Docker\Docker\resources\bin;C:\Program Files\MySQL\MySQL Shell 8.0\bin\;C:\Users\obina\AppData\Local\Microsoft\WindowsApps;C:\Program Files\JetBrains\IntelliJ IDEA 221.5080.9\bin;;C:\Users\obina\.dotnet\tools;C:\Users\obina\AppData\Roaming\nvm;C:\nodejs;C:\Users\obina\AppData\Local\Programs\oh-my-posh\bin;C:\Users\obina\AppData\Local\JetBrains\Toolbox\scripts;C:\Users\obina\AppData\Local\Microsoft\WindowsApps;C:\Users\obina\.dotnet\tools;C:\Users\obina\go\bin;."/>
    <property name="java.vm.info" value="mixed mode, sharing"/>
    <property name="stderr.encoding" value="Cp1252"/>
    <property name="java.vendor" value="Oracle Corporation"/>
    <property name="java.vm.version" value="20+36-2344"/>
    <property name="sun.io.unicode.encoding" value="UnicodeLittle"/>
    <property name="java.class.version" value="64.0"/>
  </properties>
  <testcase name="testAdd" classname="edu.miu.cs.cs489.util.SimpleArithmeticOpsUtilTest" time="0.006"/>
  <testcase name="testAdd_for_negative_inputs" classname="edu.miu.cs.cs489.util.SimpleArithmeticOpsUtilTest" time="0"/>
</testsuite>